<?xml version="1.0" encoding="UTF-8"?>
<testng-results skipped="0" failed="0" ignored="0" total="1" passed="1">
  <reporter-output>
  </reporter-output>
  <suite name="Surefire suite" duration-ms="13266" started-at="2020-04-20T21:39:42Z" finished-at="2020-04-20T21:39:56Z">
    <groups>
    </groups>
    <test name="Surefire test" duration-ms="13266" started-at="2020-04-20T21:39:42Z" finished-at="2020-04-20T21:39:56Z">
      <class name="com.Hubspot.qa.testcases.LoginPageTest">
        <test-method status="PASS" signature="setup()[pri:0, instance:com.Hubspot.qa.testcases.LoginPageTest@5a61f5df]" name="setup" is-config="true" duration-ms="10304" started-at="2020-04-20T21:39:42Z" finished-at="2020-04-20T21:39:53Z">
          <reporter-output>
          </reporter-output>
        </test-method> <!-- setup -->
        <test-method status="PASS" signature="loginPageTitleTest()[pri:0, instance:com.Hubspot.qa.testcases.LoginPageTest@5a61f5df]" name="loginPageTitleTest" duration-ms="7" started-at="2020-04-20T21:39:53Z" finished-at="2020-04-20T21:39:53Z">
          <reporter-output>
          </reporter-output>
        </test-method> <!-- loginPageTitleTest -->
        <test-method status="PASS" signature="teardown()[pri:0, instance:com.Hubspot.qa.testcases.LoginPageTest@5a61f5df]" name="teardown" is-config="true" duration-ms="2940" started-at="2020-04-20T21:39:53Z" finished-at="2020-04-20T21:39:56Z">
          <reporter-output>
          </reporter-output>
        </test-method> <!-- teardown -->
      </class> <!-- com.Hubspot.qa.testcases.LoginPageTest -->
    </test> <!-- Surefire test -->
  </suite> <!-- Surefire suite -->
</testng-results>
